<?xml version="1.0" encoding="UTF-8"?>
<!-- Generated by org.testng.reporters.JUnitXMLReporter -->
<testsuite ignored="0" hostname="LAPTOP-USEMB2OI" failures="0" tests="10" name="Default test" time="102.872" errors="0" timestamp="2023-08-23T13:35:05 IST">
  <testcase classname="testCases.Candidate_search" name="tc_001" time="16.186"/>
  <testcase classname="testCases.Candidate_search" name="tc_002" time="8.411"/>
  <testcase classname="testCases.Candidate_search" name="tc_003" time="11.319"/>
  <testcase classname="testCases.Candidate_search" name="tc_004" time="6.619"/>
  <testcase classname="testCases.Candidate_search" name="tc_005" time="6.604"/>
  <testcase classname="testCases.Candidate_search" name="tc_006" time="25.52"/>
  <testcase classname="testCases.Candidate_search" name="tc_007" time="6.177"/>
  <testcase classname="testCases.Candidate_search" name="tc_008" time="6.752"/>
  <testcase classname="testCases.Candidate_search" name="tc_009" time="6.707"/>
  <testcase classname="testCases.Candidate_search" name="tc_010" time="6.316"/>
</testsuite> <!-- Default test -->
