<?xml version="1.0" encoding="UTF-8"?>
<testng-results ignored="12" total="37" passed="25" failed="0" skipped="0">
  <reporter-output>
  </reporter-output>
  <suite started-at="2023-08-23T13:47:48 IST" name="Suite" finished-at="2023-08-23T13:52:45 IST" duration-ms="297620">
    <groups>
    </groups>
    <test started-at="2023-08-23T13:47:48 IST" name="Test" finished-at="2023-08-23T13:52:45 IST" duration-ms="297620">
      <class name="testCases.Candidate_edit">
        <test-method signature="tc_013()[pri:0, instance:testCases.Candidate_edit@3c9754d8]" started-at="2023-08-23T13:51:06 IST" name="tc_013" finished-at="2023-08-23T13:51:13 IST" duration-ms="7591" status="PASS">
          <reporter-output>
          </reporter-output>
        </test-method> <!-- tc_013 -->
        <test-method signature="tc_014()[pri:0, instance:testCases.Candidate_edit@3c9754d8]" started-at="2023-08-23T13:51:13 IST" name="tc_014" finished-at="2023-08-23T13:51:24 IST" duration-ms="10887" status="PASS">
          <reporter-output>
          </reporter-output>
        </test-method> <!-- tc_014 -->
        <test-method signature="tc_015()[pri:0, instance:testCases.Candidate_edit@3c9754d8]" started-at="2023-08-23T13:51:24 IST" name="tc_015" finished-at="2023-08-23T13:51:32 IST" duration-ms="8019" status="PASS">
          <reporter-output>
          </reporter-output>
        </test-method> <!-- tc_015 -->
        <test-method signature="tc_016()[pri:0, instance:testCases.Candidate_edit@3c9754d8]" started-at="2023-08-23T13:51:32 IST" name="tc_016" finished-at="2023-08-23T13:51:40 IST" duration-ms="7715" status="PASS">
          <reporter-output>
          </reporter-output>
        </test-method> <!-- tc_016 -->
      </class> <!-- testCases.Candidate_edit -->
      <class name="testCases.Candidate_add">
        <test-method signature="tc_011()[pri:0, instance:testCases.Candidate_add@489115ef]" started-at="2023-08-23T13:48:46 IST" name="tc_011" finished-at="2023-08-23T13:48:56 IST" duration-ms="9705" status="PASS">
          <reporter-output>
          </reporter-output>
        </test-method> <!-- tc_011 -->
        <test-method signature="tc_012()[pri:0, instance:testCases.Candidate_add@489115ef]" started-at="2023-08-23T13:48:56 IST" name="tc_012" finished-at="2023-08-23T13:49:07 IST" duration-ms="11089" status="PASS">
          <reporter-output>
          </reporter-output>
        </test-method> <!-- tc_012 -->
      </class> <!-- testCases.Candidate_add -->
      <class name="testCases.Vacancy_add">
        <test-method is-config="true" signature="setUp()[pri:0, instance:testCases.Vacancy_add@179ece50]" started-at="2023-08-23T13:47:48 IST" name="setUp" finished-at="2023-08-23T13:47:50 IST" duration-ms="1932" status="PASS">
          <reporter-output>
          </reporter-output>
        </test-method> <!-- setUp -->
        <test-method signature="tc_022()[pri:0, instance:testCases.Vacancy_add@179ece50]" started-at="2023-08-23T13:47:50 IST" name="tc_022" finished-at="2023-08-23T13:48:33 IST" duration-ms="43654" status="PASS">
          <reporter-output>
          </reporter-output>
        </test-method> <!-- tc_022 -->
        <test-method signature="tc_023()[pri:0, instance:testCases.Vacancy_add@179ece50]" started-at="2023-08-23T13:48:33 IST" name="tc_023" finished-at="2023-08-23T13:48:46 IST" duration-ms="12936" status="PASS">
          <reporter-output>
          </reporter-output>
        </test-method> <!-- tc_023 -->
        <test-method is-config="true" signature="tearDown()[pri:0, instance:testCases.Vacancy_add@179ece50]" started-at="2023-08-23T13:52:25 IST" name="tearDown" finished-at="2023-08-23T13:52:45 IST" duration-ms="20053" status="FAIL">
          <exception class="org.openqa.selenium.NoSuchElementException">
            <message>
              <![CDATA[no such element: Unable to locate element: {"method":"xpath","selector":"//*[@id="app"]/div[1]/div[1]/header/div[1]/div[2]/ul/li/span/i"}
  (Session info: chrome=116.0.5845.97)
For documentation on this error, please visit: https://www.selenium.dev/documentation/webdriver/troubleshooting/errors#no-such-element-exception
Build info: version: '4.10.0', revision: 'c14d967899'
System info: os.name: 'Windows 11', os.arch: 'amd64', os.version: '10.0', java.version: '19.0.1'
Driver info: org.openqa.selenium.chrome.ChromeDriver
Command: [c854492869445dbc3aae45f6a5e2f294, findElement {using=xpath, value=//*[@id="app"]/div[1]/div[1]/header/div[1]/div[2]/ul/li/span/i}]
Capabilities {acceptInsecureCerts: false, browserName: chrome, browserVersion: 116.0.5845.97, chrome: {chromedriverVersion: 116.0.5845.96 (1a3918166880..., userDataDir: C:\Users\Lenovo\AppData\Loc...}, fedcm:accounts: true, goog:chromeOptions: {debuggerAddress: localhost:58928}, networkConnectionEnabled: false, pageLoadStrategy: normal, platformName: windows, proxy: Proxy(), se:cdp: ws://localhost:58928/devtoo..., se:cdpVersion: 116.0.5845.97, setWindowRect: true, strictFileInteractability: false, timeouts: {implicit: 0, pageLoad: 300000, script: 30000}, unhandledPromptBehavior: dismiss and notify, webauthn:extension:credBlob: true, webauthn:extension:largeBlob: true, webauthn:extension:minPinLength: true, webauthn:extension:prf: true, webauthn:virtualAuthenticators: true}
Session ID: c854492869445dbc3aae45f6a5e2f294]]>
            </message>
            <full-stacktrace>
              <![CDATA[org.openqa.selenium.NoSuchElementException: no such element: Unable to locate element: {"method":"xpath","selector":"//*[@id="app"]/div[1]/div[1]/header/div[1]/div[2]/ul/li/span/i"}
  (Session info: chrome=116.0.5845.97)
For documentation on this error, please visit: https://www.selenium.dev/documentation/webdriver/troubleshooting/errors#no-such-element-exception
Build info: version: '4.10.0', revision: 'c14d967899'
System info: os.name: 'Windows 11', os.arch: 'amd64', os.version: '10.0', java.version: '19.0.1'
Driver info: org.openqa.selenium.chrome.ChromeDriver
Command: [c854492869445dbc3aae45f6a5e2f294, findElement {using=xpath, value=//*[@id="app"]/div[1]/div[1]/header/div[1]/div[2]/ul/li/span/i}]
Capabilities {acceptInsecureCerts: false, browserName: chrome, browserVersion: 116.0.5845.97, chrome: {chromedriverVersion: 116.0.5845.96 (1a3918166880..., userDataDir: C:\Users\Lenovo\AppData\Loc...}, fedcm:accounts: true, goog:chromeOptions: {debuggerAddress: localhost:58928}, networkConnectionEnabled: false, pageLoadStrategy: normal, platformName: windows, proxy: Proxy(), se:cdp: ws://localhost:58928/devtoo..., se:cdpVersion: 116.0.5845.97, setWindowRect: true, strictFileInteractability: false, timeouts: {implicit: 0, pageLoad: 300000, script: 30000}, unhandledPromptBehavior: dismiss and notify, webauthn:extension:credBlob: true, webauthn:extension:largeBlob: true, webauthn:extension:minPinLength: true, webauthn:extension:prf: true, webauthn:virtualAuthenticators: true}
Session ID: c854492869445dbc3aae45f6a5e2f294
at java.base/jdk.internal.reflect.DirectConstructorHandleAccessor.newInstance(DirectConstructorHandleAccessor.java:67)
at java.base/java.lang.reflect.Constructor.newInstanceWithCaller(Constructor.java:500)
at java.base/java.lang.reflect.Constructor.newInstance(Constructor.java:484)
at org.openqa.selenium.remote.codec.w3c.W3CHttpResponseCodec.createException(W3CHttpResponseCodec.java:199)
at org.openqa.selenium.remote.codec.w3c.W3CHttpResponseCodec.decode(W3CHttpResponseCodec.java:132)
at org.openqa.selenium.remote.codec.w3c.W3CHttpResponseCodec.decode(W3CHttpResponseCodec.java:51)
at org.openqa.selenium.remote.HttpCommandExecutor.execute(HttpCommandExecutor.java:191)
at org.openqa.selenium.remote.service.DriverCommandExecutor.invokeExecute(DriverCommandExecutor.java:196)
at org.openqa.selenium.remote.service.DriverCommandExecutor.execute(DriverCommandExecutor.java:171)
at org.openqa.selenium.remote.RemoteWebDriver.execute(RemoteWebDriver.java:531)
at org.openqa.selenium.remote.ElementLocation$ElementFinder$2.findElement(ElementLocation.java:165)
at org.openqa.selenium.remote.ElementLocation.findElement(ElementLocation.java:59)
at org.openqa.selenium.remote.RemoteWebDriver.findElement(RemoteWebDriver.java:350)
at org.openqa.selenium.remote.RemoteWebDriver.findElement(RemoteWebDriver.java:344)
at testCases.BaseTest.tearDown(BaseTest.java:42)
at java.base/jdk.internal.reflect.DirectMethodHandleAccessor.invoke(DirectMethodHandleAccessor.java:104)
at java.base/java.lang.reflect.Method.invoke(Method.java:578)
at org.testng.internal.invokers.MethodInvocationHelper.invokeMethod(MethodInvocationHelper.java:139)
at org.testng.internal.invokers.MethodInvocationHelper.invokeMethodConsideringTimeout(MethodInvocationHelper.java:69)
at org.testng.internal.invokers.ConfigInvoker.invokeConfigurationMethod(ConfigInvoker.java:361)
at org.testng.internal.invokers.ConfigInvoker.invokeConfigurations(ConfigInvoker.java:296)
at org.testng.TestRunner.invokeTestConfigurations(TestRunner.java:644)
at org.testng.TestRunner.afterRun(TestRunner.java:914)
at org.testng.TestRunner.run(TestRunner.java:605)
at org.testng.SuiteRunner.runTest(SuiteRunner.java:437)
at org.testng.SuiteRunner.runSequentially(SuiteRunner.java:431)
at org.testng.SuiteRunner.privateRun(SuiteRunner.java:391)
at org.testng.SuiteRunner.run(SuiteRunner.java:330)
at org.testng.SuiteRunnerWorker.runSuite(SuiteRunnerWorker.java:52)
at org.testng.SuiteRunnerWorker.run(SuiteRunnerWorker.java:95)
at org.testng.TestNG.runSuitesSequentially(TestNG.java:1256)
at org.testng.TestNG.runSuitesLocally(TestNG.java:1176)
at org.testng.TestNG.runSuites(TestNG.java:1099)
at org.testng.TestNG.run(TestNG.java:1067)
at org.testng.remote.AbstractRemoteTestNG.run(AbstractRemoteTestNG.java:115)
at org.testng.remote.RemoteTestNG.initAndRun(RemoteTestNG.java:251)
at org.testng.remote.RemoteTestNG.main(RemoteTestNG.java:77)
]]>
            </full-stacktrace>
          </exception> <!-- org.openqa.selenium.NoSuchElementException -->
          <reporter-output>
          </reporter-output>
        </test-method> <!-- tearDown -->
      </class> <!-- testCases.Vacancy_add -->
      <class name="testCases.Candidate_search">
        <test-method signature="tc_001()[pri:0, instance:testCases.Candidate_search@7c6908d7]" started-at="2023-08-23T13:49:26 IST" name="tc_001" finished-at="2023-08-23T13:49:33 IST" duration-ms="7079" status="PASS">
          <reporter-output>
          </reporter-output>
        </test-method> <!-- tc_001 -->
        <test-method signature="tc_002()[pri:0, instance:testCases.Candidate_search@7c6908d7]" started-at="2023-08-23T13:49:33 IST" name="tc_002" finished-at="2023-08-23T13:49:41 IST" duration-ms="8288" status="PASS">
          <reporter-output>
          </reporter-output>
        </test-method> <!-- tc_002 -->
        <test-method signature="tc_003()[pri:0, instance:testCases.Candidate_search@7c6908d7]" started-at="2023-08-23T13:49:41 IST" name="tc_003" finished-at="2023-08-23T13:49:49 IST" duration-ms="7753" status="PASS">
          <reporter-output>
          </reporter-output>
        </test-method> <!-- tc_003 -->
        <test-method signature="tc_004()[pri:0, instance:testCases.Candidate_search@7c6908d7]" started-at="2023-08-23T13:49:49 IST" name="tc_004" finished-at="2023-08-23T13:49:57 IST" duration-ms="7674" status="PASS">
          <reporter-output>
          </reporter-output>
        </test-method> <!-- tc_004 -->
        <test-method signature="tc_005()[pri:0, instance:testCases.Candidate_search@7c6908d7]" started-at="2023-08-23T13:49:57 IST" name="tc_005" finished-at="2023-08-23T13:50:05 IST" duration-ms="8230" status="PASS">
          <reporter-output>
          </reporter-output>
        </test-method> <!-- tc_005 -->
        <test-method signature="tc_006()[pri:0, instance:testCases.Candidate_search@7c6908d7]" started-at="2023-08-23T13:50:05 IST" name="tc_006" finished-at="2023-08-23T13:50:34 IST" duration-ms="29091" status="PASS">
          <reporter-output>
          </reporter-output>
        </test-method> <!-- tc_006 -->
        <test-method signature="tc_007()[pri:0, instance:testCases.Candidate_search@7c6908d7]" started-at="2023-08-23T13:50:34 IST" name="tc_007" finished-at="2023-08-23T13:50:42 IST" duration-ms="7969" status="PASS">
          <reporter-output>
          </reporter-output>
        </test-method> <!-- tc_007 -->
        <test-method signature="tc_008()[pri:0, instance:testCases.Candidate_search@7c6908d7]" started-at="2023-08-23T13:50:42 IST" name="tc_008" finished-at="2023-08-23T13:50:49 IST" duration-ms="7307" status="PASS">
          <reporter-output>
          </reporter-output>
        </test-method> <!-- tc_008 -->
        <test-method signature="tc_009()[pri:0, instance:testCases.Candidate_search@7c6908d7]" started-at="2023-08-23T13:50:49 IST" name="tc_009" finished-at="2023-08-23T13:50:58 IST" duration-ms="8509" status="PASS">
          <reporter-output>
          </reporter-output>
        </test-method> <!-- tc_009 -->
        <test-method signature="tc_010()[pri:0, instance:testCases.Candidate_search@7c6908d7]" started-at="2023-08-23T13:50:58 IST" name="tc_010" finished-at="2023-08-23T13:51:06 IST" duration-ms="8032" status="PASS">
          <reporter-output>
          </reporter-output>
        </test-method> <!-- tc_010 -->
      </class> <!-- testCases.Candidate_search -->
      <class name="testCases.Vacancy_search">
        <test-method signature="tc_017()[pri:0, instance:testCases.Vacancy_search@3bf7ca37]" started-at="2023-08-23T13:51:40 IST" name="tc_017" finished-at="2023-08-23T13:51:49 IST" duration-ms="8739" status="PASS">
          <reporter-output>
          </reporter-output>
        </test-method> <!-- tc_017 -->
        <test-method signature="tc_018()[pri:0, instance:testCases.Vacancy_search@3bf7ca37]" started-at="2023-08-23T13:51:49 IST" name="tc_018" finished-at="2023-08-23T13:51:58 IST" duration-ms="9097" status="PASS">
          <reporter-output>
          </reporter-output>
        </test-method> <!-- tc_018 -->
        <test-method signature="tc_019()[pri:0, instance:testCases.Vacancy_search@3bf7ca37]" started-at="2023-08-23T13:51:58 IST" name="tc_019" finished-at="2023-08-23T13:52:07 IST" duration-ms="9377" status="PASS">
          <reporter-output>
          </reporter-output>
        </test-method> <!-- tc_019 -->
        <test-method signature="tc_020()[pri:0, instance:testCases.Vacancy_search@3bf7ca37]" started-at="2023-08-23T13:52:07 IST" name="tc_020" finished-at="2023-08-23T13:52:16 IST" duration-ms="8733" status="PASS">
          <reporter-output>
          </reporter-output>
        </test-method> <!-- tc_020 -->
        <test-method signature="tc_021()[pri:0, instance:testCases.Vacancy_search@3bf7ca37]" started-at="2023-08-23T13:52:16 IST" name="tc_021" finished-at="2023-08-23T13:52:25 IST" duration-ms="9502" status="PASS">
          <reporter-output>
          </reporter-output>
        </test-method> <!-- tc_021 -->
      </class> <!-- testCases.Vacancy_search -->
      <class name="testCases.Vacancy_edit">
        <test-method signature="tc_024()[pri:0, instance:testCases.Vacancy_edit@3857f613]" started-at="2023-08-23T13:49:07 IST" name="tc_024" finished-at="2023-08-23T13:49:17 IST" duration-ms="9736" status="PASS">
          <reporter-output>
          </reporter-output>
        </test-method> <!-- tc_024 -->
        <test-method signature="tc_025()[pri:0, instance:testCases.Vacancy_edit@3857f613]" started-at="2023-08-23T13:49:17 IST" name="tc_025" finished-at="2023-08-23T13:49:26 IST" duration-ms="8842" status="PASS">
          <reporter-output>
          </reporter-output>
        </test-method> <!-- tc_025 -->
      </class> <!-- testCases.Vacancy_edit -->
    </test> <!-- Test -->
  </suite> <!-- Suite -->
</testng-results>
